<?xml version="1.0" encoding="UTF-8"?>
<robot generator="Robot 3.2.1 (Python 3.6.5 on win32)" generated="20200923 04:34:12.134" rpa="false">
<suite id="s1" name="Phptravelsweb" source="D:\python projects\tests\phptravelsweb.robot">
<test id="s1-t1" name="User Register a new account">
<kw name="begin webtest" library="common" type="setup">
<kw name="Open Browser" library="SeleniumLibrary">
<doc>Opens a new browser instance to the optional ``url``.</doc>
<arguments>
<arg>about:blank</arg>
<arg>${Browser}</arg>
</arguments>
<msg timestamp="20200923 04:34:12.365" level="INFO">Opening browser 'chrome' to base url 'about:blank'.</msg>
<status status="PASS" starttime="20200923 04:34:12.364" endtime="20200923 04:34:15.800"></status>
</kw>
<kw name="Maximize Browser Window" library="SeleniumLibrary">
<doc>Maximizes current browser window.</doc>
<status status="PASS" starttime="20200923 04:34:15.800" endtime="20200923 04:34:16.920"></status>
</kw>
<status status="PASS" starttime="20200923 04:34:12.364" endtime="20200923 04:34:16.920"></status>
</kw>
<kw name="load" library="Register">
<kw name="Go To" library="SeleniumLibrary">
<doc>Navigates the current browser window to the provided ``url``.</doc>
<arguments>
<arg>${URL}</arg>
</arguments>
<msg timestamp="20200923 04:34:16.922" level="INFO">Opening url 'https://www.phptravels.net/register'</msg>
<status status="PASS" starttime="20200923 04:34:16.921" endtime="20200923 04:34:40.109"></status>
</kw>
<status status="PASS" starttime="20200923 04:34:16.921" endtime="20200923 04:34:40.109"></status>
</kw>
<kw name="register a new account" library="phptravels">
<kw name="Wait Until Page Contains" library="SeleniumLibrary">
<doc>Waits until ``text`` appears on the current page.</doc>
<arguments>
<arg>Sign Up</arg>
</arguments>
<status status="PASS" starttime="20200923 04:34:40.110" endtime="20200923 04:34:40.132"></status>
</kw>
<kw name="Input Text" library="SeleniumLibrary">
<doc>Types the given ``text`` into the text field identified by ``locator``.</doc>
<arguments>
<arg>xpath=//input[@name='firstname']</arg>
<arg>${Firstname}</arg>
</arguments>
<msg timestamp="20200923 04:34:40.133" level="INFO">Typing text 'axem' into text field 'xpath=//input[@name='firstname']'.</msg>
<status status="PASS" starttime="20200923 04:34:40.133" endtime="20200923 04:34:40.231"></status>
</kw>
<kw name="Input Text" library="SeleniumLibrary">
<doc>Types the given ``text`` into the text field identified by ``locator``.</doc>
<arguments>
<arg>xpath=//input[@name='lastname']</arg>
<arg>${Lastname}</arg>
</arguments>
<msg timestamp="20200923 04:34:40.231" level="INFO">Typing text 'axem' into text field 'xpath=//input[@name='lastname']'.</msg>
<status status="PASS" starttime="20200923 04:34:40.231" endtime="20200923 04:34:40.322"></status>
</kw>
<kw name="Should Not Be Equal" library="BuiltIn">
<doc>Fails if the given objects are equal.</doc>
<arguments>
<arg>${Lastname}</arg>
<arg>${Firstname}</arg>
</arguments>
<msg timestamp="20200923 04:34:40.323" level="FAIL">axem == axem</msg>
<status status="FAIL" starttime="20200923 04:34:40.323" endtime="20200923 04:34:40.323"></status>
</kw>
<status status="FAIL" starttime="20200923 04:34:40.110" endtime="20200923 04:34:40.323"></status>
</kw>
<kw name="end webtest" library="common" type="teardown">
<kw name="Close Browser" library="SeleniumLibrary">
<doc>Closes the current browser.</doc>
<status status="PASS" starttime="20200923 04:34:40.325" endtime="20200923 04:34:42.462"></status>
</kw>
<status status="PASS" starttime="20200923 04:34:40.324" endtime="20200923 04:34:42.463"></status>
</kw>
<doc>user use the information available</doc>
<tags>
<tag>smoke</tag>
</tags>
<status status="FAIL" starttime="20200923 04:34:12.363" endtime="20200923 04:34:42.464" critical="yes">axem == axem</status>
</test>
<test id="s1-t2" name="User login using his correct credentials">
<kw name="begin webtest" library="common" type="setup">
<kw name="Open Browser" library="SeleniumLibrary">
<doc>Opens a new browser instance to the optional ``url``.</doc>
<arguments>
<arg>about:blank</arg>
<arg>${Browser}</arg>
</arguments>
<msg timestamp="20200923 04:34:42.473" level="INFO">Opening browser 'chrome' to base url 'about:blank'.</msg>
<status status="PASS" starttime="20200923 04:34:42.473" endtime="20200923 04:34:44.643"></status>
</kw>
<kw name="Maximize Browser Window" library="SeleniumLibrary">
<doc>Maximizes current browser window.</doc>
<status status="PASS" starttime="20200923 04:34:44.643" endtime="20200923 04:34:50.665"></status>
</kw>
<status status="PASS" starttime="20200923 04:34:42.472" endtime="20200923 04:34:50.665"></status>
</kw>
<kw name="load" library="login">
<kw name="Go To" library="SeleniumLibrary">
<doc>Navigates the current browser window to the provided ``url``.</doc>
<arguments>
<arg>${Login_URL}</arg>
</arguments>
<msg timestamp="20200923 04:34:50.669" level="INFO">Opening url 'https://www.phptravels.net/login'</msg>
<kw name="Capture Page Screenshot" library="SeleniumLibrary">
<doc>Takes a screenshot of the current page and embeds it into a log file.</doc>
<msg timestamp="20200923 04:34:58.702" level="FAIL">WebDriverException: Message: chrome not reachable
  (Session info: chrome=85.0.4183.102)
</msg>
<status status="FAIL" starttime="20200923 04:34:54.683" endtime="20200923 04:34:58.702"></status>
</kw>
<msg timestamp="20200923 04:34:58.702" level="WARN">Keyword 'Capture Page Screenshot' could not be run on failure: WebDriverException: Message: chrome not reachable
  (Session info: chrome=85.0.4183.102)
</msg>
<msg timestamp="20200923 04:34:58.706" level="FAIL">WebDriverException: Message: chrome not reachable
  (Session info: chrome=85.0.4183.102)
</msg>
<status status="FAIL" starttime="20200923 04:34:50.668" endtime="20200923 04:34:58.706"></status>
</kw>
<status status="FAIL" starttime="20200923 04:34:50.667" endtime="20200923 04:34:58.706"></status>
</kw>
<kw name="end webtest" library="common" type="teardown">
<kw name="Close Browser" library="SeleniumLibrary">
<doc>Closes the current browser.</doc>
<status status="PASS" starttime="20200923 04:34:58.707" endtime="20200923 04:35:00.741"></status>
</kw>
<status status="PASS" starttime="20200923 04:34:58.707" endtime="20200923 04:35:00.741"></status>
</kw>
<doc>user use the information available</doc>
<tags>
<tag>smoke</tag>
</tags>
<status status="FAIL" starttime="20200923 04:34:42.471" endtime="20200923 04:35:00.743" critical="yes">WebDriverException: Message: chrome not reachable
  (Session info: chrome=85.0.4183.102)
</status>
</test>
<doc>some basic info about the tests</doc>
<status status="FAIL" starttime="20200923 04:34:12.137" endtime="20200923 04:35:00.757"></status>
</suite>
<statistics>
<total>
<stat pass="0" fail="2">Critical Tests</stat>
<stat pass="0" fail="2">All Tests</stat>
</total>
<tag>
<stat pass="0" fail="2">smoke</stat>
</tag>
<suite>
<stat pass="0" fail="2" id="s1" name="Phptravelsweb">Phptravelsweb</stat>
</suite>
</statistics>
<errors>
<msg timestamp="20200923 04:34:58.702" level="WARN">Keyword 'Capture Page Screenshot' could not be run on failure: WebDriverException: Message: chrome not reachable
  (Session info: chrome=85.0.4183.102)
</msg>
</errors>
</robot>
